18:55:49,842 (main) DEBUG [DataNucleus.General] - Using PluginRegistry org.datanucleus.plugin.NonManagedPluginRegistry
18:55:49,904 (main) DEBUG [DataNucleus.General] - Registering bundle org.datanucleus version 5.1.6 at URL file:/C:/Users/Dell/.m2/repository/org/datanucleus/datanucleus-core/5.1.6/datanucleus-core-5.1.6.jar.
18:55:49,998 (main) DEBUG [DataNucleus.General] - Loading extension points from plug-in file jar:file:/C:/Users/Dell/.m2/repository/org/datanucleus/datanucleus-core/5.1.6/datanucleus-core-5.1.6.jar!/plugin.xml.
18:55:50,044 (main) DEBUG [DataNucleus.General] - Loading extensions from plug-in file jar:file:/C:/Users/Dell/.m2/repository/org/datanucleus/datanucleus-core/5.1.6/datanucleus-core-5.1.6.jar!/plugin.xml.
18:55:50,044 (main) DEBUG [DataNucleus.General] - Registering bundle org.datanucleus.api.jdo version 5.1.4 at URL file:/C:/Users/Dell/.m2/repository/org/datanucleus/datanucleus-api-jdo/5.1.4/datanucleus-api-jdo-5.1.4.jar.
18:55:50,060 (main) DEBUG [DataNucleus.General] - Loading extension points from plug-in file jar:file:/C:/Users/Dell/.m2/repository/org/datanucleus/datanucleus-api-jdo/5.1.4/datanucleus-api-jdo-5.1.4.jar!/plugin.xml.
18:55:50,091 (main) DEBUG [DataNucleus.General] - Loading extensions from plug-in file jar:file:/C:/Users/Dell/.m2/repository/org/datanucleus/datanucleus-api-jdo/5.1.4/datanucleus-api-jdo-5.1.4.jar!/plugin.xml.
18:55:50,107 (main) DEBUG [DataNucleus.General] - Registering bundle org.datanucleus.store.types.jodatime version 5.1.0.release at URL file:/C:/Users/Dell/.m2/repository/org/datanucleus/datanucleus-jodatime/5.1.0-release/datanucleus-jodatime-5.1.0-release.jar.
18:55:50,107 (main) DEBUG [DataNucleus.General] - Loading extension points from plug-in file jar:file:/C:/Users/Dell/.m2/repository/org/datanucleus/datanucleus-jodatime/5.1.0-release/datanucleus-jodatime-5.1.0-release.jar!/plugin.xml.
18:55:50,107 (main) DEBUG [DataNucleus.General] - Loading extensions from plug-in file jar:file:/C:/Users/Dell/.m2/repository/org/datanucleus/datanucleus-jodatime/5.1.0-release/datanucleus-jodatime-5.1.0-release.jar!/plugin.xml.
18:55:50,138 (main) DEBUG [DataNucleus.General] - Registering bundle org.sonatype.inject version 2.3.0 at URL file:/C:/Users/Dell/.m2/repository/org/sonatype/sisu/sisu-inject-bean/2.3.0/sisu-inject-bean-2.3.0.jar.
18:55:50,154 (main) DEBUG [DataNucleus.General] - Loading extension points from plug-in file jar:file:/C:/Users/Dell/.m2/repository/org/sonatype/sisu/sisu-inject-bean/2.3.0/sisu-inject-bean-2.3.0.jar!/plugin.xml.
18:55:50,154 (main) DEBUG [DataNucleus.General] - Loading extensions from plug-in file jar:file:/C:/Users/Dell/.m2/repository/org/sonatype/sisu/sisu-inject-bean/2.3.0/sisu-inject-bean-2.3.0.jar!/plugin.xml.
18:55:50,154 (main) DEBUG [DataNucleus.General] - Registering bundle org.apache.isis.plugins.jdo-datanucleus-5 version null at URL file:/C:/Users/Dell/.m2/repository/org/apache/isis/core/isis-core-plugins-jdo-datanucleus-5/2.0.0-M1/isis-core-plugins-jdo-datanucleus-5-2.0.0-M1.jar.
18:55:50,154 (main) DEBUG [DataNucleus.General] - Loading extension points from plug-in file jar:file:/C:/Users/Dell/.m2/repository/org/apache/isis/core/isis-core-plugins-jdo-datanucleus-5/2.0.0-M1/isis-core-plugins-jdo-datanucleus-5-2.0.0-M1.jar!/plugin.xml.
18:55:50,154 (main) DEBUG [DataNucleus.General] - Loading extensions from plug-in file jar:file:/C:/Users/Dell/.m2/repository/org/apache/isis/core/isis-core-plugins-jdo-datanucleus-5/2.0.0-M1/isis-core-plugins-jdo-datanucleus-5-2.0.0-M1.jar!/plugin.xml.
18:55:50,154 (main) DEBUG [DataNucleus.General] - Registering bundle org.datanucleus.jdo.query version 5.0.4 at URL file:/C:/Users/Dell/.m2/repository/org/datanucleus/datanucleus-jdo-query/5.0.4/datanucleus-jdo-query-5.0.4.jar.
18:55:50,169 (main) DEBUG [DataNucleus.General] - Loading extension points from plug-in file jar:file:/C:/Users/Dell/.m2/repository/org/datanucleus/datanucleus-jdo-query/5.0.4/datanucleus-jdo-query-5.0.4.jar!/plugin.xml.
18:55:50,169 (main) DEBUG [DataNucleus.General] - Loading extensions from plug-in file jar:file:/C:/Users/Dell/.m2/repository/org/datanucleus/datanucleus-jdo-query/5.0.4/datanucleus-jdo-query-5.0.4.jar!/plugin.xml.
18:55:50,169 (main) DEBUG [DataNucleus.General] - Registering bundle org.datanucleus.store.rdbms version 5.1.6 at URL file:/C:/Users/Dell/.m2/repository/org/datanucleus/datanucleus-rdbms/5.1.6/datanucleus-rdbms-5.1.6.jar.
18:55:50,185 (main) DEBUG [DataNucleus.General] - Loading extension points from plug-in file jar:file:/C:/Users/Dell/.m2/repository/org/datanucleus/datanucleus-rdbms/5.1.6/datanucleus-rdbms-5.1.6.jar!/plugin.xml.
18:55:50,185 (main) DEBUG [DataNucleus.General] - Loading extensions from plug-in file jar:file:/C:/Users/Dell/.m2/repository/org/datanucleus/datanucleus-rdbms/5.1.6/datanucleus-rdbms-5.1.6.jar!/plugin.xml.
18:55:50,294 (main) DEBUG [DataNucleus.Persistence] - Java types support initialising ...
18:55:50,560 (main) DEBUG [DataNucleus.Persistence] - Java types support loaded : supported java types=[B, [C, [D, [F, [I, [J, [Ljava.lang.Boolean;, [Ljava.lang.Byte;, [Ljava.lang.Character;, [Ljava.lang.Double;, [Ljava.lang.Enum;, [Ljava.lang.Float;, [Ljava.lang.Integer;, [Ljava.lang.Long;, [Ljava.lang.Number;, [Ljava.lang.Object;, [Ljava.lang.Short;, [Ljava.lang.String;, [Ljava.math.BigDecimal;, [Ljava.math.BigInteger;, [Ljava.util.Date;, [Ljava.util.Locale;, [S, [Z, boolean, byte, char, double, float, int, java.awt.Color, java.awt.image.BufferedImage, java.lang.Boolean, java.lang.Byte, java.lang.Character, java.lang.Class, java.lang.Double, java.lang.Enum, java.lang.Float, java.lang.Integer, java.lang.Long, java.lang.Number, java.lang.Short, java.lang.String, java.lang.StringBuffer, java.lang.StringBuilder, java.math.BigDecimal, java.math.BigInteger, java.net.URI, java.net.URL, java.sql.Date, java.sql.Time, java.sql.Timestamp, java.time.Duration, java.time.Instant, java.time.LocalDate, java.time.LocalDateTime, java.time.LocalTime, java.time.MonthDay, java.time.OffsetDateTime, java.time.OffsetTime, java.time.Period, java.time.Year, java.time.YearMonth, java.time.ZonedDateTime, java.time.ZoneId, java.time.ZoneOffset, java.util.ArrayList, java.util.Arrays$ArrayList, java.util.BitSet, java.util.Calendar, java.util.Collection, java.util.Currency, java.util.Date, java.util.GregorianCalendar, java.util.HashMap, java.util.HashSet, java.util.Hashtable, java.util.LinkedHashMap, java.util.LinkedHashSet, java.util.LinkedList, java.util.List, java.util.Locale, java.util.Map, java.util.Optional, java.util.PriorityQueue, java.util.Properties, java.util.Queue, java.util.Set, java.util.SortedMap, java.util.SortedSet, java.util.Stack, java.util.TimeZone, java.util.TreeMap, java.util.TreeSet, java.util.UUID, java.util.Vector, long, org.apache.isis.applib.value.Markup, org.apache.isis.applib.value.Password, org.joda.time.DateTime, org.joda.time.Duration, org.joda.time.Interval, org.joda.time.LocalDate, org.joda.time.LocalDateTime, org.joda.time.LocalTime, org.joda.time.Period, short
18:55:50,576 (main) DEBUG [DataNucleus.MetaData] - MetaDataManager : Input=(XML,Annotations), XML-Validation=false, XML-Suffices=(persistence=*.jdo, orm=orm, query=*.jdoquery), JDO-listener=false
18:55:50,576 (main) INFO  [DataNucleus.Enhancer] - DataNucleus Enhancer (version 5.1.6) for API "JDO"
18:55:50,576 (main) DEBUG [DataNucleus.Enhancer] - DataNucleus Enhancer : Classpath
18:55:50,576 (main) DEBUG [DataNucleus.Enhancer] - >>  E:\Build\Maven\apache-maven-3.3.3\bin\..\boot\plexus-classworlds-2.5.2.jar
18:55:50,576 (main) DEBUG [DataNucleus.Enhancer] - Enhancing classes
18:55:50,997 (main) DEBUG [DataNucleus.MetaData] - MetaData Management : Loading Metadata for classes "[domainapp.application.HelloWorldAppManifest, domainapp.dom.HelloWorldModule, domainapp.dom.impl.HelloWorldObject, domainapp.dom.impl.HelloWorldObjects, domainapp.dom.impl.QHelloWorldObject, domainapp.dom.types.Name, domainapp.dom.types.Notes, domainapp.webapp.HelloWorldApplication$1, domainapp.webapp.HelloWorldApplication]" ...
18:55:51,013 (main) DEBUG [DataNucleus.MetaData] - MetaData of type "jdo" for class "domainapp.application.HelloWorldAppManifest" NOT found at /META-INF/package.jdo
18:55:51,013 (main) DEBUG [DataNucleus.MetaData] - MetaData of type "jdo" for class "domainapp.application.HelloWorldAppManifest" NOT found at /WEB-INF/package.jdo
18:55:51,013 (main) DEBUG [DataNucleus.MetaData] - MetaData of type "jdo" for class "domainapp.application.HelloWorldAppManifest" NOT found at /package.jdo
18:55:51,013 (main) DEBUG [DataNucleus.MetaData] - MetaData of type "jdo" for class "domainapp.application.HelloWorldAppManifest" NOT found at /domainapp/package.jdo
18:55:51,013 (main) DEBUG [DataNucleus.MetaData] - MetaData of type "jdo" for class "domainapp.application.HelloWorldAppManifest" NOT found at /domainapp.jdo
18:55:51,013 (main) DEBUG [DataNucleus.MetaData] - MetaData of type "jdo" for class "domainapp.application.HelloWorldAppManifest" NOT found at /domainapp/application/package.jdo
18:55:51,013 (main) DEBUG [DataNucleus.MetaData] - MetaData of type "jdo" for class "domainapp.application.HelloWorldAppManifest" NOT found at /domainapp/application.jdo
18:55:51,013 (main) DEBUG [DataNucleus.MetaData] - MetaData of type "jdo" for class "domainapp.application.HelloWorldAppManifest" NOT found at /domainapp/application/HelloWorldAppManifest.jdo
18:55:51,013 (main) DEBUG [DataNucleus.MetaData] - MetaData of type "jdo" for class "domainapp.application.HelloWorldAppManifest" not found
18:55:51,013 (main) DEBUG [DataNucleus.MetaData] - Registering class "domainapp.application.HelloWorldAppManifest" as not having MetaData.
18:55:51,013 (main) DEBUG [DataNucleus.MetaData] - Class "domainapp.application.HelloWorldAppManifest" has no MetaData or annotations.
18:55:51,028 (main) DEBUG [DataNucleus.MetaData] - MetaData of type "jdo" for class "domainapp.dom.HelloWorldModule" NOT found at /META-INF/package.jdo
18:55:51,028 (main) DEBUG [DataNucleus.MetaData] - MetaData of type "jdo" for class "domainapp.dom.HelloWorldModule" NOT found at /WEB-INF/package.jdo
18:55:51,028 (main) DEBUG [DataNucleus.MetaData] - MetaData of type "jdo" for class "domainapp.dom.HelloWorldModule" NOT found at /package.jdo
18:55:51,028 (main) DEBUG [DataNucleus.MetaData] - MetaData of type "jdo" for class "domainapp.dom.HelloWorldModule" NOT found at /domainapp/package.jdo
18:55:51,028 (main) DEBUG [DataNucleus.MetaData] - MetaData of type "jdo" for class "domainapp.dom.HelloWorldModule" NOT found at /domainapp.jdo
18:55:51,028 (main) DEBUG [DataNucleus.MetaData] - MetaData of type "jdo" for class "domainapp.dom.HelloWorldModule" NOT found at /domainapp/dom/package.jdo
18:55:51,028 (main) DEBUG [DataNucleus.MetaData] - MetaData of type "jdo" for class "domainapp.dom.HelloWorldModule" NOT found at /domainapp/dom.jdo
18:55:51,028 (main) DEBUG [DataNucleus.MetaData] - MetaData of type "jdo" for class "domainapp.dom.HelloWorldModule" NOT found at /domainapp/dom/HelloWorldModule.jdo
18:55:51,028 (main) DEBUG [DataNucleus.MetaData] - MetaData of type "jdo" for class "domainapp.dom.HelloWorldModule" not found
18:55:51,028 (main) DEBUG [DataNucleus.MetaData] - Registering class "domainapp.dom.HelloWorldModule" as not having MetaData.
18:55:51,028 (main) DEBUG [DataNucleus.MetaData] - Class "domainapp.dom.HelloWorldModule" has no MetaData or annotations.
18:55:51,169 (main) DEBUG [DataNucleus.MetaData] - Class "domainapp.dom.impl.HelloWorldObject" has been specified with JDO annotations so using those.
18:55:51,247 (main) DEBUG [DataNucleus.MetaData] - Class "domainapp.dom.impl.HelloWorldObjects" has annotations but there is no registered AnnotationReader. Please check your CLASSPATH and the annotations in the class for validity.
18:55:51,247 (main) DEBUG [DataNucleus.MetaData] - MetaData of type "jdo" for class "domainapp.dom.impl.HelloWorldObjects" NOT found at /META-INF/package.jdo
18:55:51,247 (main) DEBUG [DataNucleus.MetaData] - MetaData of type "jdo" for class "domainapp.dom.impl.HelloWorldObjects" NOT found at /WEB-INF/package.jdo
18:55:51,247 (main) DEBUG [DataNucleus.MetaData] - MetaData of type "jdo" for class "domainapp.dom.impl.HelloWorldObjects" NOT found at /package.jdo
18:55:51,247 (main) DEBUG [DataNucleus.MetaData] - MetaData of type "jdo" for class "domainapp.dom.impl.HelloWorldObjects" NOT found at /domainapp/package.jdo
18:55:51,247 (main) DEBUG [DataNucleus.MetaData] - MetaData of type "jdo" for class "domainapp.dom.impl.HelloWorldObjects" NOT found at /domainapp.jdo
18:55:51,247 (main) DEBUG [DataNucleus.MetaData] - MetaData of type "jdo" for class "domainapp.dom.impl.HelloWorldObjects" NOT found at /domainapp/dom/package.jdo
18:55:51,247 (main) DEBUG [DataNucleus.MetaData] - MetaData of type "jdo" for class "domainapp.dom.impl.HelloWorldObjects" NOT found at /domainapp/dom.jdo
18:55:51,247 (main) DEBUG [DataNucleus.MetaData] - MetaData of type "jdo" for class "domainapp.dom.impl.HelloWorldObjects" NOT found at /domainapp/dom/impl/package.jdo
18:55:51,247 (main) DEBUG [DataNucleus.MetaData] - MetaData of type "jdo" for class "domainapp.dom.impl.HelloWorldObjects" NOT found at /domainapp/dom/impl.jdo
18:55:51,262 (main) DEBUG [DataNucleus.MetaData] - MetaData of type "jdo" for class "domainapp.dom.impl.HelloWorldObjects" NOT found at /domainapp/dom/impl/HelloWorldObjects.jdo
18:55:51,262 (main) DEBUG [DataNucleus.MetaData] - MetaData of type "jdo" for class "domainapp.dom.impl.HelloWorldObjects" not found
18:55:51,262 (main) DEBUG [DataNucleus.MetaData] - Class "domainapp.dom.impl.HelloWorldObjects" has annotations but there is no registered AnnotationReader. Please check your CLASSPATH and the annotations in the class for validity.
18:55:51,262 (main) DEBUG [DataNucleus.MetaData] - Registering class "domainapp.dom.impl.HelloWorldObjects" as not having MetaData.
18:55:51,262 (main) DEBUG [DataNucleus.MetaData] - Class "domainapp.dom.impl.HelloWorldObjects" has no MetaData or annotations.
18:55:51,262 (main) DEBUG [DataNucleus.MetaData] - MetaData of type "jdo" for class "domainapp.dom.impl.QHelloWorldObject" NOT found at /META-INF/package.jdo
18:55:51,262 (main) DEBUG [DataNucleus.MetaData] - MetaData of type "jdo" for class "domainapp.dom.impl.QHelloWorldObject" NOT found at /WEB-INF/package.jdo
18:55:51,262 (main) DEBUG [DataNucleus.MetaData] - MetaData of type "jdo" for class "domainapp.dom.impl.QHelloWorldObject" NOT found at /package.jdo
18:55:51,262 (main) DEBUG [DataNucleus.MetaData] - MetaData of type "jdo" for class "domainapp.dom.impl.QHelloWorldObject" NOT found at /domainapp/package.jdo
18:55:51,262 (main) DEBUG [DataNucleus.MetaData] - MetaData of type "jdo" for class "domainapp.dom.impl.QHelloWorldObject" NOT found at /domainapp.jdo
18:55:51,262 (main) DEBUG [DataNucleus.MetaData] - MetaData of type "jdo" for class "domainapp.dom.impl.QHelloWorldObject" NOT found at /domainapp/dom/package.jdo
18:55:51,262 (main) DEBUG [DataNucleus.MetaData] - MetaData of type "jdo" for class "domainapp.dom.impl.QHelloWorldObject" NOT found at /domainapp/dom.jdo
18:55:51,278 (main) DEBUG [DataNucleus.MetaData] - MetaData of type "jdo" for class "domainapp.dom.impl.QHelloWorldObject" NOT found at /domainapp/dom/impl/package.jdo
18:55:51,278 (main) DEBUG [DataNucleus.MetaData] - MetaData of type "jdo" for class "domainapp.dom.impl.QHelloWorldObject" NOT found at /domainapp/dom/impl.jdo
18:55:51,278 (main) DEBUG [DataNucleus.MetaData] - MetaData of type "jdo" for class "domainapp.dom.impl.QHelloWorldObject" NOT found at /domainapp/dom/impl/QHelloWorldObject.jdo
18:55:51,278 (main) DEBUG [DataNucleus.MetaData] - MetaData of type "jdo" for class "domainapp.dom.impl.QHelloWorldObject" not found
18:55:51,278 (main) DEBUG [DataNucleus.MetaData] - Registering class "domainapp.dom.impl.QHelloWorldObject" as not having MetaData.
18:55:51,278 (main) DEBUG [DataNucleus.MetaData] - Class "domainapp.dom.impl.QHelloWorldObject" has no MetaData or annotations.
18:55:51,278 (main) DEBUG [DataNucleus.MetaData] - MetaData of type "jdo" for class "domainapp.dom.types.Name" NOT found at /META-INF/package.jdo
18:55:51,278 (main) DEBUG [DataNucleus.MetaData] - MetaData of type "jdo" for class "domainapp.dom.types.Name" NOT found at /WEB-INF/package.jdo
18:55:51,278 (main) DEBUG [DataNucleus.MetaData] - MetaData of type "jdo" for class "domainapp.dom.types.Name" NOT found at /package.jdo
18:55:51,294 (main) DEBUG [DataNucleus.MetaData] - MetaData of type "jdo" for class "domainapp.dom.types.Name" NOT found at /domainapp/package.jdo
18:55:51,294 (main) DEBUG [DataNucleus.MetaData] - MetaData of type "jdo" for class "domainapp.dom.types.Name" NOT found at /domainapp.jdo
18:55:51,294 (main) DEBUG [DataNucleus.MetaData] - MetaData of type "jdo" for class "domainapp.dom.types.Name" NOT found at /domainapp/dom/package.jdo
18:55:51,309 (main) DEBUG [DataNucleus.MetaData] - MetaData of type "jdo" for class "domainapp.dom.types.Name" NOT found at /domainapp/dom.jdo
18:55:51,309 (main) DEBUG [DataNucleus.MetaData] - MetaData of type "jdo" for class "domainapp.dom.types.Name" NOT found at /domainapp/dom/types/package.jdo
18:55:51,309 (main) DEBUG [DataNucleus.MetaData] - MetaData of type "jdo" for class "domainapp.dom.types.Name" NOT found at /domainapp/dom/types.jdo
18:55:51,309 (main) DEBUG [DataNucleus.MetaData] - MetaData of type "jdo" for class "domainapp.dom.types.Name" NOT found at /domainapp/dom/types/Name.jdo
18:55:51,309 (main) DEBUG [DataNucleus.MetaData] - MetaData of type "jdo" for class "domainapp.dom.types.Name" not found
18:55:51,309 (main) DEBUG [DataNucleus.MetaData] - Registering class "domainapp.dom.types.Name" as not having MetaData.
18:55:51,309 (main) DEBUG [DataNucleus.MetaData] - Class "domainapp.dom.types.Name" has no MetaData or annotations.
18:55:51,309 (main) DEBUG [DataNucleus.MetaData] - MetaData of type "jdo" for class "domainapp.dom.types.Notes" NOT found at /META-INF/package.jdo
18:55:51,309 (main) DEBUG [DataNucleus.MetaData] - MetaData of type "jdo" for class "domainapp.dom.types.Notes" NOT found at /WEB-INF/package.jdo
18:55:51,356 (main) DEBUG [DataNucleus.MetaData] - MetaData of type "jdo" for class "domainapp.dom.types.Notes" NOT found at /package.jdo
18:55:51,356 (main) DEBUG [DataNucleus.MetaData] - MetaData of type "jdo" for class "domainapp.dom.types.Notes" NOT found at /domainapp/package.jdo
18:55:51,356 (main) DEBUG [DataNucleus.MetaData] - MetaData of type "jdo" for class "domainapp.dom.types.Notes" NOT found at /domainapp.jdo
18:55:51,356 (main) DEBUG [DataNucleus.MetaData] - MetaData of type "jdo" for class "domainapp.dom.types.Notes" NOT found at /domainapp/dom/package.jdo
18:55:51,356 (main) DEBUG [DataNucleus.MetaData] - MetaData of type "jdo" for class "domainapp.dom.types.Notes" NOT found at /domainapp/dom.jdo
18:55:51,356 (main) DEBUG [DataNucleus.MetaData] - MetaData of type "jdo" for class "domainapp.dom.types.Notes" NOT found at /domainapp/dom/types/package.jdo
18:55:51,356 (main) DEBUG [DataNucleus.MetaData] - MetaData of type "jdo" for class "domainapp.dom.types.Notes" NOT found at /domainapp/dom/types.jdo
18:55:51,356 (main) DEBUG [DataNucleus.MetaData] - MetaData of type "jdo" for class "domainapp.dom.types.Notes" NOT found at /domainapp/dom/types/Notes.jdo
18:55:51,356 (main) DEBUG [DataNucleus.MetaData] - MetaData of type "jdo" for class "domainapp.dom.types.Notes" not found
18:55:51,356 (main) DEBUG [DataNucleus.MetaData] - Registering class "domainapp.dom.types.Notes" as not having MetaData.
18:55:51,356 (main) DEBUG [DataNucleus.MetaData] - Class "domainapp.dom.types.Notes" has no MetaData or annotations.
18:55:51,372 (main) DEBUG [DataNucleus.MetaData] - MetaData of type "jdo" for class "domainapp.webapp.HelloWorldApplication$1" NOT found at /META-INF/package.jdo
18:55:51,372 (main) DEBUG [DataNucleus.MetaData] - MetaData of type "jdo" for class "domainapp.webapp.HelloWorldApplication$1" NOT found at /WEB-INF/package.jdo
18:55:51,372 (main) DEBUG [DataNucleus.MetaData] - MetaData of type "jdo" for class "domainapp.webapp.HelloWorldApplication$1" NOT found at /package.jdo
18:55:51,372 (main) DEBUG [DataNucleus.MetaData] - MetaData of type "jdo" for class "domainapp.webapp.HelloWorldApplication$1" NOT found at /domainapp/package.jdo
18:55:51,372 (main) DEBUG [DataNucleus.MetaData] - MetaData of type "jdo" for class "domainapp.webapp.HelloWorldApplication$1" NOT found at /domainapp.jdo
18:55:51,372 (main) DEBUG [DataNucleus.MetaData] - MetaData of type "jdo" for class "domainapp.webapp.HelloWorldApplication$1" NOT found at /domainapp/webapp/package.jdo
18:55:51,372 (main) DEBUG [DataNucleus.MetaData] - MetaData of type "jdo" for class "domainapp.webapp.HelloWorldApplication$1" NOT found at /domainapp/webapp.jdo
18:55:51,372 (main) DEBUG [DataNucleus.MetaData] - MetaData of type "jdo" for class "domainapp.webapp.HelloWorldApplication$1" NOT found at /domainapp/webapp/HelloWorldApplication$1.jdo
18:55:51,372 (main) DEBUG [DataNucleus.MetaData] - MetaData of type "jdo" for class "domainapp.webapp.HelloWorldApplication$1" not found
18:55:51,372 (main) DEBUG [DataNucleus.MetaData] - Registering class "domainapp.webapp.HelloWorldApplication$1" as not having MetaData.
18:55:51,372 (main) DEBUG [DataNucleus.MetaData] - Class "domainapp.webapp.HelloWorldApplication$1" has no MetaData or annotations.
18:55:51,403 (main) DEBUG [DataNucleus.MetaData] - MetaData of type "jdo" for class "domainapp.webapp.HelloWorldApplication" NOT found at /META-INF/package.jdo
18:55:51,418 (main) DEBUG [DataNucleus.MetaData] - MetaData of type "jdo" for class "domainapp.webapp.HelloWorldApplication" NOT found at /WEB-INF/package.jdo
18:55:51,418 (main) DEBUG [DataNucleus.MetaData] - MetaData of type "jdo" for class "domainapp.webapp.HelloWorldApplication" NOT found at /package.jdo
18:55:51,418 (main) DEBUG [DataNucleus.MetaData] - MetaData of type "jdo" for class "domainapp.webapp.HelloWorldApplication" NOT found at /domainapp/package.jdo
18:55:51,418 (main) DEBUG [DataNucleus.MetaData] - MetaData of type "jdo" for class "domainapp.webapp.HelloWorldApplication" NOT found at /domainapp.jdo
18:55:51,418 (main) DEBUG [DataNucleus.MetaData] - MetaData of type "jdo" for class "domainapp.webapp.HelloWorldApplication" NOT found at /domainapp/webapp/package.jdo
18:55:51,418 (main) DEBUG [DataNucleus.MetaData] - MetaData of type "jdo" for class "domainapp.webapp.HelloWorldApplication" NOT found at /domainapp/webapp.jdo
18:55:51,418 (main) DEBUG [DataNucleus.MetaData] - MetaData of type "jdo" for class "domainapp.webapp.HelloWorldApplication" NOT found at /domainapp/webapp/HelloWorldApplication.jdo
18:55:51,418 (main) DEBUG [DataNucleus.MetaData] - MetaData of type "jdo" for class "domainapp.webapp.HelloWorldApplication" not found
18:55:51,418 (main) DEBUG [DataNucleus.MetaData] - Registering class "domainapp.webapp.HelloWorldApplication" as not having MetaData.
18:55:51,418 (main) DEBUG [DataNucleus.MetaData] - Class "domainapp.webapp.HelloWorldApplication" has no MetaData or annotations.
18:55:51,418 (main) DEBUG [DataNucleus.MetaData] - Populating all MetaData ...
18:55:51,418 (main) DEBUG [DataNucleus.MetaData] - Class "domainapp.dom.impl.HelloWorldObject" : Populating Meta-Data
18:55:51,434 (main) DEBUG [DataNucleus.MetaData] - Initialising all MetaData ...
18:55:51,434 (main) DEBUG [DataNucleus.MetaData] - Class "domainapp.dom.impl.HelloWorldObject" : Initialising Meta-Data
18:55:51,434 (main) DEBUG [DataNucleus.MetaData] - MetaData Management : Load of Metadata complete
18:55:51,450 (main) DEBUG [DataNucleus.Enhancer] - Enhance of class "domainapp.dom.impl.HelloWorldObject" starting ...
18:55:51,496 (main) DEBUG [DataNucleus.Enhancer] - Class "domainapp.dom.impl.HelloWorldObject" doesnt implement the interface "org.datanucleus.enhancement.Persistable" but is required
18:55:51,496 (main) DEBUG [DataNucleus.Enhancer] - Class "domainapp.dom.impl.HelloWorldObject" doesnt have field "dnStateManager" but is required
18:55:51,496 (main) DEBUG [DataNucleus.Enhancer] - Class "domainapp.dom.impl.HelloWorldObject" doesnt have field "dnInheritedFieldCount" but is required
18:55:51,496 (main) DEBUG [DataNucleus.Enhancer] - Class "domainapp.dom.impl.HelloWorldObject" doesnt have field "dnFlags" but is required
18:55:51,496 (main) DEBUG [DataNucleus.Enhancer] - Class "domainapp.dom.impl.HelloWorldObject" doesnt have field "dnFieldTypes" but is required
18:55:51,496 (main) DEBUG [DataNucleus.Enhancer] - Class "domainapp.dom.impl.HelloWorldObject" doesnt have field "dnFieldNames" but is required
18:55:51,496 (main) DEBUG [DataNucleus.Enhancer] - Class "domainapp.dom.impl.HelloWorldObject" doesnt have field "dnFieldFlags" but is required
18:55:51,496 (main) DEBUG [DataNucleus.Enhancer] - Class "domainapp.dom.impl.HelloWorldObject" doesnt have field "dnPersistableSuperclass" but is required
18:55:51,496 (main) DEBUG [DataNucleus.Enhancer] - Class "domainapp.dom.impl.HelloWorldObject" doesnt have method "dnReplaceField" but is required
18:55:51,496 (main) DEBUG [DataNucleus.Enhancer] - Class "domainapp.dom.impl.HelloWorldObject" doesnt have method "dnGetStateManager" but is required
18:55:51,496 (main) DEBUG [DataNucleus.Enhancer] - Class "domainapp.dom.impl.HelloWorldObject" doesnt have method "dnIsTransactional" but is required
18:55:51,496 (main) DEBUG [DataNucleus.Enhancer] - Class "domainapp.dom.impl.HelloWorldObject" doesnt have method "dnNewInstance" but is required
18:55:51,496 (main) DEBUG [DataNucleus.Enhancer] - Class "domainapp.dom.impl.HelloWorldObject" doesnt have method "dnNewInstance" but is required
18:55:51,496 (main) DEBUG [DataNucleus.Enhancer] - Class "domainapp.dom.impl.HelloWorldObject" doesnt have method "dnSuperClone" but is required
18:55:51,496 (main) DEBUG [DataNucleus.Enhancer] - Class "domainapp.dom.impl.HelloWorldObject" doesnt have method "dnProvideFields" but is required
18:55:51,496 (main) DEBUG [DataNucleus.Enhancer] - Class "domainapp.dom.impl.HelloWorldObject" doesnt have method "___dn$loadClass" but is required
18:55:51,496 (main) DEBUG [DataNucleus.Enhancer] - Class "domainapp.dom.impl.HelloWorldObject" doesnt have method "dnGetManagedFieldCount" but is required
18:55:51,496 (main) DEBUG [DataNucleus.Enhancer] - Class "domainapp.dom.impl.HelloWorldObject" doesnt have method "dnIsDirty" but is required
18:55:51,496 (main) DEBUG [DataNucleus.Enhancer] - Class "domainapp.dom.impl.HelloWorldObject" doesnt have method "dnReplaceStateManager" but is required
18:55:51,496 (main) DEBUG [DataNucleus.Enhancer] - Class "domainapp.dom.impl.HelloWorldObject" doesnt have method "dnReplaceFlags" but is required
18:55:51,496 (main) DEBUG [DataNucleus.Enhancer] - Class "domainapp.dom.impl.HelloWorldObject" doesnt have method "dnIsDetached" but is required
18:55:51,496 (main) DEBUG [DataNucleus.Enhancer] - Class "domainapp.dom.impl.HelloWorldObject" doesnt have method "dnMakeDirty" but is required
18:55:51,496 (main) DEBUG [DataNucleus.Enhancer] - Class "domainapp.dom.impl.HelloWorldObject" doesnt have method "__dnPersistableSuperclassInit" but is required
18:55:51,496 (main) DEBUG [DataNucleus.Enhancer] - Class "domainapp.dom.impl.HelloWorldObject" doesnt have method "dnIsDeleted" but is required
18:55:51,496 (main) DEBUG [DataNucleus.Enhancer] - Class "domainapp.dom.impl.HelloWorldObject" doesnt have method "__dnFieldFlagsInit" but is required
18:55:51,496 (main) DEBUG [DataNucleus.Enhancer] - Class "domainapp.dom.impl.HelloWorldObject" doesnt have method "__dnFieldTypesInit" but is required
18:55:51,496 (main) DEBUG [DataNucleus.Enhancer] - Class "domainapp.dom.impl.HelloWorldObject" doesnt have method "dnProvideField" but is required
18:55:51,496 (main) DEBUG [DataNucleus.Enhancer] - Class "domainapp.dom.impl.HelloWorldObject" doesnt have method "dnPreSerialize" but is required
18:55:51,496 (main) DEBUG [DataNucleus.Enhancer] - Class "domainapp.dom.impl.HelloWorldObject" doesnt have method "dnGetObjectId" but is required
18:55:51,496 (main) DEBUG [DataNucleus.Enhancer] - Class "domainapp.dom.impl.HelloWorldObject" doesnt have method "dnGetVersion" but is required
18:55:51,496 (main) DEBUG [DataNucleus.Enhancer] - Class "domainapp.dom.impl.HelloWorldObject" doesnt have method "dnGetTransactionalObjectId" but is required
18:55:51,496 (main) DEBUG [DataNucleus.Enhancer] - Class "domainapp.dom.impl.HelloWorldObject" doesnt have method "dnIsNew" but is required
18:55:51,496 (main) DEBUG [DataNucleus.Enhancer] - Class "domainapp.dom.impl.HelloWorldObject" doesnt have method "dnCopyKeyFieldsToObjectId" but is required
18:55:51,496 (main) DEBUG [DataNucleus.Enhancer] - Class "domainapp.dom.impl.HelloWorldObject" doesnt have method "dnCopyKeyFieldsToObjectId" but is required
18:55:51,496 (main) DEBUG [DataNucleus.Enhancer] - Class "domainapp.dom.impl.HelloWorldObject" doesnt have method "dnCopyField" but is required
18:55:51,496 (main) DEBUG [DataNucleus.Enhancer] - Class "domainapp.dom.impl.HelloWorldObject" doesnt have method "dnCopyKeyFieldsFromObjectId" but is required
18:55:51,496 (main) DEBUG [DataNucleus.Enhancer] - Class "domainapp.dom.impl.HelloWorldObject" doesnt have method "dnCopyKeyFieldsFromObjectId" but is required
18:55:51,496 (main) DEBUG [DataNucleus.Enhancer] - Class "domainapp.dom.impl.HelloWorldObject" doesnt have method "dnGetExecutionContext" but is required
18:55:51,496 (main) DEBUG [DataNucleus.Enhancer] - Class "domainapp.dom.impl.HelloWorldObject" doesnt have method "dnCopyFields" but is required
18:55:51,496 (main) DEBUG [DataNucleus.Enhancer] - Class "domainapp.dom.impl.HelloWorldObject" doesnt have method "__dnGetInheritedFieldCount" but is required
18:55:51,496 (main) DEBUG [DataNucleus.Enhancer] - Class "domainapp.dom.impl.HelloWorldObject" doesnt have method "dnNewObjectIdInstance" but is required
18:55:51,496 (main) DEBUG [DataNucleus.Enhancer] - Class "domainapp.dom.impl.HelloWorldObject" doesnt have method "dnNewObjectIdInstance" but is required
18:55:51,496 (main) DEBUG [DataNucleus.Enhancer] - Class "domainapp.dom.impl.HelloWorldObject" doesnt have method "dnIsPersistent" but is required
18:55:51,496 (main) DEBUG [DataNucleus.Enhancer] - Class "domainapp.dom.impl.HelloWorldObject" doesnt have method "dnReplaceFields" but is required
18:55:51,496 (main) DEBUG [DataNucleus.Enhancer] - Class "domainapp.dom.impl.HelloWorldObject" doesnt have method "__dnFieldNamesInit" but is required
18:55:51,528 (main) DEBUG [DataNucleus.Enhancer] - Adding interface: org.datanucleus.enhancement.Persistable
18:55:51,543 (main) DEBUG [DataNucleus.Enhancer] - Enhancing original method domainapp.dom.impl.HelloWorldObject.<init> : omitting enhance of set of field "domainapp.dom.impl.HelloWorldObject.name"
18:55:51,543 (main) DEBUG [DataNucleus.Enhancer] - Enhancing original method domainapp.dom.impl.HelloWorldObject.getName changing field "domainapp.dom.impl.HelloWorldObject.name" for call to "dnGetname()"
18:55:51,543 (main) DEBUG [DataNucleus.Enhancer] - Enhancing original method domainapp.dom.impl.HelloWorldObject.setName changing field "domainapp.dom.impl.HelloWorldObject.name" for call to "dnSetname()"
18:55:51,543 (main) DEBUG [DataNucleus.Enhancer] - Enhancing original method domainapp.dom.impl.HelloWorldObject.getNotes changing field "domainapp.dom.impl.HelloWorldObject.notes" for call to "dnGetnotes()"
18:55:51,543 (main) DEBUG [DataNucleus.Enhancer] - Enhancing original method domainapp.dom.impl.HelloWorldObject.setNotes changing field "domainapp.dom.impl.HelloWorldObject.notes" for call to "dnSetnotes()"
18:55:51,543 (main) DEBUG [DataNucleus.Enhancer] - Adding field "org.datanucleus.enhancement.StateManager dnStateManager"
18:55:51,543 (main) DEBUG [DataNucleus.Enhancer] - Adding field "byte dnFlags"
18:55:51,543 (main) DEBUG [DataNucleus.Enhancer] - Adding field "[B dnFieldFlags"
18:55:51,543 (main) DEBUG [DataNucleus.Enhancer] - Adding field "java.lang.Class dnPersistableSuperclass"
18:55:51,543 (main) DEBUG [DataNucleus.Enhancer] - Adding field "[Ljava.lang.Class; dnFieldTypes"
18:55:51,543 (main) DEBUG [DataNucleus.Enhancer] - Adding field "[Ljava.lang.String; dnFieldNames"
18:55:51,543 (main) DEBUG [DataNucleus.Enhancer] - Adding field "int dnInheritedFieldCount"
18:55:51,543 (main) DEBUG [DataNucleus.Enhancer] - Adding method "void <clinit>()"
18:55:51,543 (main) DEBUG [DataNucleus.Enhancer] - Adding constructor "domainapp.dom.impl.HelloWorldObject()"
18:55:51,559 (main) DEBUG [DataNucleus.Enhancer] - Adding method "void dnCopyKeyFieldsFromObjectId(org.datanucleus.enhancement.Persistable$ObjectIdFieldConsumer fc, java.lang.Object oid)"
18:55:51,559 (main) DEBUG [DataNucleus.Enhancer] - Adding method "void dnCopyKeyFieldsFromObjectId(java.lang.Object oid)"
18:55:51,559 (main) DEBUG [DataNucleus.Enhancer] - Adding method "void dnCopyKeyFieldsToObjectId(java.lang.Object oid)"
18:55:51,559 (main) DEBUG [DataNucleus.Enhancer] - Adding method "void dnCopyKeyFieldsToObjectId(org.datanucleus.enhancement.Persistable$ObjectIdFieldSupplier fs, java.lang.Object oid)"
18:55:51,559 (main) DEBUG [DataNucleus.Enhancer] - Adding method "java.lang.Object dnGetObjectId()"
18:55:51,559 (main) DEBUG [DataNucleus.Enhancer] - Adding method "java.lang.Object dnGetVersion()"
18:55:51,559 (main) DEBUG [DataNucleus.Enhancer] - Adding method "void dnPreSerialize()"
18:55:51,559 (main) DEBUG [DataNucleus.Enhancer] - Adding method "org.datanucleus.enhancement.ExecutionContextReference dnGetExecutionContext()"
18:55:51,559 (main) DEBUG [DataNucleus.Enhancer] - Adding method "org.datanucleus.enhancement.StateManager dnGetStateManager()"
18:55:51,559 (main) DEBUG [DataNucleus.Enhancer] - Adding method "java.lang.Object dnGetTransactionalObjectId()"
18:55:51,559 (main) DEBUG [DataNucleus.Enhancer] - Adding method "boolean dnIsDeleted()"
18:55:51,559 (main) DEBUG [DataNucleus.Enhancer] - Adding method "boolean dnIsDirty()"
18:55:51,559 (main) DEBUG [DataNucleus.Enhancer] - Adding method "boolean dnIsNew()"
18:55:51,559 (main) DEBUG [DataNucleus.Enhancer] - Adding method "boolean dnIsPersistent()"
18:55:51,559 (main) DEBUG [DataNucleus.Enhancer] - Adding method "boolean dnIsTransactional()"
18:55:51,559 (main) DEBUG [DataNucleus.Enhancer] - Adding method "void dnMakeDirty(java.lang.String fieldName)"
18:55:51,559 (main) DEBUG [DataNucleus.Enhancer] - Adding method "java.lang.Object dnNewObjectIdInstance()"
18:55:51,559 (main) DEBUG [DataNucleus.Enhancer] - Adding method "java.lang.Object dnNewObjectIdInstance(java.lang.Object key)"
18:55:51,559 (main) DEBUG [DataNucleus.Enhancer] - Adding method "void dnProvideFields([I indices)"
18:55:51,559 (main) DEBUG [DataNucleus.Enhancer] - Adding method "void dnReplaceFields([I indices)"
18:55:51,559 (main) DEBUG [DataNucleus.Enhancer] - Adding method "void dnReplaceFlags()"
18:55:51,559 (main) DEBUG [DataNucleus.Enhancer] - Adding method "void dnReplaceStateManager(org.datanucleus.enhancement.StateManager sm)"
18:55:51,559 (main) DEBUG [DataNucleus.Enhancer] - Adding method "boolean dnIsDetached()"
18:55:51,559 (main) DEBUG [DataNucleus.Enhancer] - Adding method "org.datanucleus.enhancement.Persistable dnNewInstance(org.datanucleus.enhancement.StateManager sm)"
18:55:51,559 (main) DEBUG [DataNucleus.Enhancer] - Adding method "org.datanucleus.enhancement.Persistable dnNewInstance(org.datanucleus.enhancement.StateManager sm, java.lang.Object obj)"
18:55:51,559 (main) DEBUG [DataNucleus.Enhancer] - Adding method "void dnReplaceField(int index)"
18:55:51,559 (main) DEBUG [DataNucleus.Enhancer] - Adding method "void dnProvideField(int index)"
18:55:51,559 (main) DEBUG [DataNucleus.Enhancer] - Adding method "void dnCopyField(domainapp.dom.impl.HelloWorldObject obj, int index)"
18:55:51,574 (main) DEBUG [DataNucleus.Enhancer] - Adding method "void dnCopyFields(java.lang.Object obj, [I indices)"
18:55:51,574 (main) DEBUG [DataNucleus.Enhancer] - Adding method "[Ljava.lang.String; __dnFieldNamesInit()"
18:55:51,574 (main) DEBUG [DataNucleus.Enhancer] - Adding method "[Ljava.lang.Class; __dnFieldTypesInit()"
18:55:51,574 (main) DEBUG [DataNucleus.Enhancer] - Adding method "[B __dnFieldFlagsInit()"
18:55:51,574 (main) DEBUG [DataNucleus.Enhancer] - Adding method "int __dnGetInheritedFieldCount()"
18:55:51,574 (main) DEBUG [DataNucleus.Enhancer] - Adding method "int dnGetManagedFieldCount()"
18:55:51,574 (main) DEBUG [DataNucleus.Enhancer] - Adding method "java.lang.Class __dnPersistableSuperclassInit()"
18:55:51,574 (main) DEBUG [DataNucleus.Enhancer] - Adding method "java.lang.Class ___dn$loadClass(java.lang.String className)"
18:55:51,574 (main) DEBUG [DataNucleus.Enhancer] - Adding method "java.lang.Object dnSuperClone()"
18:55:51,574 (main) DEBUG [DataNucleus.Enhancer] - Adding method "java.lang.String dnGetname(domainapp.dom.impl.HelloWorldObject objPC)"
18:55:51,574 (main) DEBUG [DataNucleus.Enhancer] - Adding method "void dnSetname(domainapp.dom.impl.HelloWorldObject objPC, java.lang.String val)"
18:55:51,574 (main) DEBUG [DataNucleus.Enhancer] - Adding method "java.lang.String dnGetnotes(domainapp.dom.impl.HelloWorldObject objPC)"
18:55:51,574 (main) DEBUG [DataNucleus.Enhancer] - Adding method "void dnSetnotes(domainapp.dom.impl.HelloWorldObject objPC, java.lang.String val)"
18:55:51,574 (main) INFO  [DataNucleus.Enhancer] - Writing class file "E:\Build\Maven\Maven_Practice\sample-app2\target\classes\domainapp\dom\impl\HelloWorldObject.class" with enhanced definition
18:55:51,574 (main) INFO  [DataNucleus.Enhancer] - ENHANCED (Persistable) : domainapp.dom.impl.HelloWorldObject
18:55:51,574 (main) DEBUG [DataNucleus.Enhancer] - Enhance of class "domainapp.dom.impl.HelloWorldObject" completed
18:55:51,574 (main) INFO  [DataNucleus.Enhancer] - DataNucleus Enhancer completed with success for 1 classes. Timings : input=858 ms, enhance=140 ms, total=998 ms. Consult the log for full details
18:55:52,880 (main) DEBUG [DataNucleus.General] - Using PluginRegistry org.datanucleus.plugin.NonManagedPluginRegistry
18:55:52,880 (main) DEBUG [DataNucleus.General] - Registering bundle org.datanucleus version 5.1.6 at URL file:/C:/Users/Dell/.m2/repository/org/datanucleus/datanucleus-core/5.1.6/datanucleus-core-5.1.6.jar.
18:55:52,895 (main) DEBUG [DataNucleus.General] - Loading extension points from plug-in file jar:file:/C:/Users/Dell/.m2/repository/org/datanucleus/datanucleus-core/5.1.6/datanucleus-core-5.1.6.jar!/plugin.xml.
18:55:52,895 (main) DEBUG [DataNucleus.General] - Loading extensions from plug-in file jar:file:/C:/Users/Dell/.m2/repository/org/datanucleus/datanucleus-core/5.1.6/datanucleus-core-5.1.6.jar!/plugin.xml.
18:55:52,911 (main) DEBUG [DataNucleus.General] - Registering bundle org.datanucleus.api.jdo version 5.1.4 at URL file:/C:/Users/Dell/.m2/repository/org/datanucleus/datanucleus-api-jdo/5.1.4/datanucleus-api-jdo-5.1.4.jar.
18:55:52,911 (main) DEBUG [DataNucleus.General] - Loading extension points from plug-in file jar:file:/C:/Users/Dell/.m2/repository/org/datanucleus/datanucleus-api-jdo/5.1.4/datanucleus-api-jdo-5.1.4.jar!/plugin.xml.
18:55:52,911 (main) DEBUG [DataNucleus.General] - Loading extensions from plug-in file jar:file:/C:/Users/Dell/.m2/repository/org/datanucleus/datanucleus-api-jdo/5.1.4/datanucleus-api-jdo-5.1.4.jar!/plugin.xml.
18:55:52,911 (main) DEBUG [DataNucleus.General] - Registering bundle org.datanucleus.store.types.jodatime version 5.1.0.release at URL file:/C:/Users/Dell/.m2/repository/org/datanucleus/datanucleus-jodatime/5.1.0-release/datanucleus-jodatime-5.1.0-release.jar.
18:55:52,926 (main) DEBUG [DataNucleus.General] - Loading extension points from plug-in file jar:file:/C:/Users/Dell/.m2/repository/org/datanucleus/datanucleus-jodatime/5.1.0-release/datanucleus-jodatime-5.1.0-release.jar!/plugin.xml.
18:55:52,926 (main) DEBUG [DataNucleus.General] - Loading extensions from plug-in file jar:file:/C:/Users/Dell/.m2/repository/org/datanucleus/datanucleus-jodatime/5.1.0-release/datanucleus-jodatime-5.1.0-release.jar!/plugin.xml.
18:55:52,926 (main) DEBUG [DataNucleus.General] - Registering bundle org.sonatype.inject version 2.3.0 at URL file:/C:/Users/Dell/.m2/repository/org/sonatype/sisu/sisu-inject-bean/2.3.0/sisu-inject-bean-2.3.0.jar.
18:55:52,926 (main) DEBUG [DataNucleus.General] - Loading extension points from plug-in file jar:file:/C:/Users/Dell/.m2/repository/org/sonatype/sisu/sisu-inject-bean/2.3.0/sisu-inject-bean-2.3.0.jar!/plugin.xml.
18:55:52,926 (main) DEBUG [DataNucleus.General] - Loading extensions from plug-in file jar:file:/C:/Users/Dell/.m2/repository/org/sonatype/sisu/sisu-inject-bean/2.3.0/sisu-inject-bean-2.3.0.jar!/plugin.xml.
18:55:52,926 (main) DEBUG [DataNucleus.General] - Registering bundle org.apache.isis.plugins.jdo-datanucleus-5 version null at URL file:/C:/Users/Dell/.m2/repository/org/apache/isis/core/isis-core-plugins-jdo-datanucleus-5/2.0.0-M1/isis-core-plugins-jdo-datanucleus-5-2.0.0-M1.jar.
18:55:52,926 (main) DEBUG [DataNucleus.General] - Loading extension points from plug-in file jar:file:/C:/Users/Dell/.m2/repository/org/apache/isis/core/isis-core-plugins-jdo-datanucleus-5/2.0.0-M1/isis-core-plugins-jdo-datanucleus-5-2.0.0-M1.jar!/plugin.xml.
18:55:52,926 (main) DEBUG [DataNucleus.General] - Loading extensions from plug-in file jar:file:/C:/Users/Dell/.m2/repository/org/apache/isis/core/isis-core-plugins-jdo-datanucleus-5/2.0.0-M1/isis-core-plugins-jdo-datanucleus-5-2.0.0-M1.jar!/plugin.xml.
18:55:52,926 (main) DEBUG [DataNucleus.General] - Registering bundle org.datanucleus.jdo.query version 5.0.4 at URL file:/C:/Users/Dell/.m2/repository/org/datanucleus/datanucleus-jdo-query/5.0.4/datanucleus-jdo-query-5.0.4.jar.
18:55:52,926 (main) DEBUG [DataNucleus.General] - Loading extension points from plug-in file jar:file:/C:/Users/Dell/.m2/repository/org/datanucleus/datanucleus-jdo-query/5.0.4/datanucleus-jdo-query-5.0.4.jar!/plugin.xml.
18:55:52,926 (main) DEBUG [DataNucleus.General] - Loading extensions from plug-in file jar:file:/C:/Users/Dell/.m2/repository/org/datanucleus/datanucleus-jdo-query/5.0.4/datanucleus-jdo-query-5.0.4.jar!/plugin.xml.
18:55:52,942 (main) DEBUG [DataNucleus.General] - Registering bundle org.datanucleus.store.rdbms version 5.1.6 at URL file:/C:/Users/Dell/.m2/repository/org/datanucleus/datanucleus-rdbms/5.1.6/datanucleus-rdbms-5.1.6.jar.
18:55:52,942 (main) DEBUG [DataNucleus.General] - Loading extension points from plug-in file jar:file:/C:/Users/Dell/.m2/repository/org/datanucleus/datanucleus-rdbms/5.1.6/datanucleus-rdbms-5.1.6.jar!/plugin.xml.
18:55:52,942 (main) DEBUG [DataNucleus.General] - Loading extensions from plug-in file jar:file:/C:/Users/Dell/.m2/repository/org/datanucleus/datanucleus-rdbms/5.1.6/datanucleus-rdbms-5.1.6.jar!/plugin.xml.
18:55:52,989 (main) DEBUG [DataNucleus.Persistence] - Java types support initialising ...
18:55:53,067 (main) DEBUG [DataNucleus.Persistence] - Java types support loaded : supported java types=[B, [C, [D, [F, [I, [J, [Ljava.lang.Boolean;, [Ljava.lang.Byte;, [Ljava.lang.Character;, [Ljava.lang.Double;, [Ljava.lang.Enum;, [Ljava.lang.Float;, [Ljava.lang.Integer;, [Ljava.lang.Long;, [Ljava.lang.Number;, [Ljava.lang.Object;, [Ljava.lang.Short;, [Ljava.lang.String;, [Ljava.math.BigDecimal;, [Ljava.math.BigInteger;, [Ljava.util.Date;, [Ljava.util.Locale;, [S, [Z, boolean, byte, char, double, float, int, java.awt.Color, java.awt.image.BufferedImage, java.lang.Boolean, java.lang.Byte, java.lang.Character, java.lang.Class, java.lang.Double, java.lang.Enum, java.lang.Float, java.lang.Integer, java.lang.Long, java.lang.Number, java.lang.Short, java.lang.String, java.lang.StringBuffer, java.lang.StringBuilder, java.math.BigDecimal, java.math.BigInteger, java.net.URI, java.net.URL, java.sql.Date, java.sql.Time, java.sql.Timestamp, java.time.Duration, java.time.Instant, java.time.LocalDate, java.time.LocalDateTime, java.time.LocalTime, java.time.MonthDay, java.time.OffsetDateTime, java.time.OffsetTime, java.time.Period, java.time.Year, java.time.YearMonth, java.time.ZonedDateTime, java.time.ZoneId, java.time.ZoneOffset, java.util.ArrayList, java.util.Arrays$ArrayList, java.util.BitSet, java.util.Calendar, java.util.Collection, java.util.Currency, java.util.Date, java.util.GregorianCalendar, java.util.HashMap, java.util.HashSet, java.util.Hashtable, java.util.LinkedHashMap, java.util.LinkedHashSet, java.util.LinkedList, java.util.List, java.util.Locale, java.util.Map, java.util.Optional, java.util.PriorityQueue, java.util.Properties, java.util.Queue, java.util.Set, java.util.SortedMap, java.util.SortedSet, java.util.Stack, java.util.TimeZone, java.util.TreeMap, java.util.TreeSet, java.util.UUID, java.util.Vector, long, org.apache.isis.applib.value.Markup, org.apache.isis.applib.value.Password, org.joda.time.DateTime, org.joda.time.Duration, org.joda.time.Interval, org.joda.time.LocalDate, org.joda.time.LocalDateTime, org.joda.time.LocalTime, org.joda.time.Period, short
18:55:53,082 (main) DEBUG [DataNucleus.MetaData] - MetaDataManager : Input=(XML,Annotations), XML-Validation=false, XML-Suffices=(persistence=*.jdo, orm=orm, query=*.jdoquery), JDO-listener=false
18:55:53,082 (main) INFO  [DataNucleus.Enhancer] - DataNucleus Enhancer (version 5.1.6) for API "JDO"
18:55:53,082 (main) DEBUG [DataNucleus.Enhancer] - DataNucleus Enhancer : Classpath
18:55:53,082 (main) DEBUG [DataNucleus.Enhancer] - >>  E:\Build\Maven\apache-maven-3.3.3\bin\..\boot\plexus-classworlds-2.5.2.jar
18:55:53,082 (main) DEBUG [DataNucleus.Enhancer] - Enhancing classes
18:55:53,082 (main) DEBUG [DataNucleus.MetaData] - MetaData Management : Loading Metadata for classes "[domainapp.dom.impl.HelloWorldObject_delete_Test$1, domainapp.dom.impl.HelloWorldObject_delete_Test, domainapp.dom.impl.HelloWorldObject_updateName_Test]" ...
18:55:53,098 (main) ERROR [DataNucleus.MetaData] - Class "domainapp.dom.impl.HelloWorldObject_delete_Test$1" was not found in the CLASSPATH. Please check your specification and your CLASSPATH.
org.datanucleus.exceptions.ClassNotResolvedException: Class "domainapp.dom.impl.HelloWorldObject_delete_Test$1" was not found in the CLASSPATH. Please check your specification and your CLASSPATH.
	at org.datanucleus.ClassLoaderResolverImpl.classForName(ClassLoaderResolverImpl.java:219)
	at org.datanucleus.ClassLoaderResolverImpl.classForName(ClassLoaderResolverImpl.java:347)
	at org.datanucleus.metadata.MetaDataManagerImpl.loadClasses(MetaDataManagerImpl.java:591)
	at org.datanucleus.enhancer.DataNucleusEnhancer.getFileMetadataForInput(DataNucleusEnhancer.java:719)
	at org.datanucleus.enhancer.DataNucleusEnhancer.enhance(DataNucleusEnhancer.java:501)
	at org.datanucleus.enhancer.DataNucleusEnhancer.main(DataNucleusEnhancer.java:1157)
	at sun.reflect.NativeMethodAccessorImpl.invoke0(Native Method)
	at sun.reflect.NativeMethodAccessorImpl.invoke(NativeMethodAccessorImpl.java:62)
	at sun.reflect.DelegatingMethodAccessorImpl.invoke(DelegatingMethodAccessorImpl.java:43)
	at java.lang.reflect.Method.invoke(Method.java:498)
	at org.datanucleus.maven.AbstractDataNucleusMojo.executeInJvm(AbstractDataNucleusMojo.java:333)
	at org.datanucleus.maven.AbstractEnhancerMojo.enhance(AbstractEnhancerMojo.java:289)
	at org.datanucleus.maven.AbstractEnhancerMojo.executeDataNucleusTool(AbstractEnhancerMojo.java:81)
	at org.datanucleus.maven.AbstractDataNucleusMojo.execute(AbstractDataNucleusMojo.java:126)
	at org.apache.maven.plugin.DefaultBuildPluginManager.executeMojo(DefaultBuildPluginManager.java:134)
	at org.apache.maven.lifecycle.internal.MojoExecutor.execute(MojoExecutor.java:208)
	at org.apache.maven.lifecycle.internal.MojoExecutor.execute(MojoExecutor.java:153)
	at org.apache.maven.lifecycle.internal.MojoExecutor.execute(MojoExecutor.java:145)
	at org.apache.maven.lifecycle.internal.LifecycleModuleBuilder.buildProject(LifecycleModuleBuilder.java:116)
	at org.apache.maven.lifecycle.internal.LifecycleModuleBuilder.buildProject(LifecycleModuleBuilder.java:80)
	at org.apache.maven.lifecycle.internal.builder.singlethreaded.SingleThreadedBuilder.build(SingleThreadedBuilder.java:51)
	at org.apache.maven.lifecycle.internal.LifecycleStarter.execute(LifecycleStarter.java:128)
	at org.apache.maven.DefaultMaven.doExecute(DefaultMaven.java:307)
	at org.apache.maven.DefaultMaven.doExecute(DefaultMaven.java:193)
	at org.apache.maven.DefaultMaven.execute(DefaultMaven.java:106)
	at org.apache.maven.cli.MavenCli.execute(MavenCli.java:862)
	at org.apache.maven.cli.MavenCli.doMain(MavenCli.java:286)
	at org.apache.maven.cli.MavenCli.main(MavenCli.java:197)
	at sun.reflect.NativeMethodAccessorImpl.invoke0(Native Method)
	at sun.reflect.NativeMethodAccessorImpl.invoke(NativeMethodAccessorImpl.java:62)
	at sun.reflect.DelegatingMethodAccessorImpl.invoke(DelegatingMethodAccessorImpl.java:43)
	at java.lang.reflect.Method.invoke(Method.java:498)
	at org.codehaus.plexus.classworlds.launcher.Launcher.launchEnhanced(Launcher.java:289)
	at org.codehaus.plexus.classworlds.launcher.Launcher.launch(Launcher.java:229)
	at org.codehaus.plexus.classworlds.launcher.Launcher.mainWithExitCode(Launcher.java:415)
	at org.codehaus.plexus.classworlds.launcher.Launcher.main(Launcher.java:356)

18:55:53,098 (main) DEBUG [DataNucleus.MetaData] - MetaData of type "jdo" for class "domainapp.dom.impl.HelloWorldObject_delete_Test" NOT found at /META-INF/package.jdo
18:55:53,098 (main) DEBUG [DataNucleus.MetaData] - MetaData of type "jdo" for class "domainapp.dom.impl.HelloWorldObject_delete_Test" NOT found at /WEB-INF/package.jdo
18:55:53,098 (main) DEBUG [DataNucleus.MetaData] - MetaData of type "jdo" for class "domainapp.dom.impl.HelloWorldObject_delete_Test" NOT found at /package.jdo
18:55:53,098 (main) DEBUG [DataNucleus.MetaData] - MetaData of type "jdo" for class "domainapp.dom.impl.HelloWorldObject_delete_Test" NOT found at /domainapp/package.jdo
18:55:53,098 (main) DEBUG [DataNucleus.MetaData] - MetaData of type "jdo" for class "domainapp.dom.impl.HelloWorldObject_delete_Test" NOT found at /domainapp.jdo
18:55:53,098 (main) DEBUG [DataNucleus.MetaData] - MetaData of type "jdo" for class "domainapp.dom.impl.HelloWorldObject_delete_Test" NOT found at /domainapp/dom/package.jdo
18:55:53,098 (main) DEBUG [DataNucleus.MetaData] - MetaData of type "jdo" for class "domainapp.dom.impl.HelloWorldObject_delete_Test" NOT found at /domainapp/dom.jdo
18:55:53,098 (main) DEBUG [DataNucleus.MetaData] - MetaData of type "jdo" for class "domainapp.dom.impl.HelloWorldObject_delete_Test" NOT found at /domainapp/dom/impl/package.jdo
18:55:53,098 (main) DEBUG [DataNucleus.MetaData] - MetaData of type "jdo" for class "domainapp.dom.impl.HelloWorldObject_delete_Test" NOT found at /domainapp/dom/impl.jdo
18:55:53,098 (main) DEBUG [DataNucleus.MetaData] - MetaData of type "jdo" for class "domainapp.dom.impl.HelloWorldObject_delete_Test" NOT found at /domainapp/dom/impl/HelloWorldObject_delete_Test.jdo
18:55:53,098 (main) DEBUG [DataNucleus.MetaData] - MetaData of type "jdo" for class "domainapp.dom.impl.HelloWorldObject_delete_Test" not found
18:55:53,098 (main) DEBUG [DataNucleus.MetaData] - Registering class "domainapp.dom.impl.HelloWorldObject_delete_Test" as not having MetaData.
18:55:53,098 (main) DEBUG [DataNucleus.MetaData] - Class "domainapp.dom.impl.HelloWorldObject_delete_Test" has no MetaData or annotations.
18:55:53,114 (main) DEBUG [DataNucleus.MetaData] - MetaData of type "jdo" for class "domainapp.dom.impl.HelloWorldObject_updateName_Test" NOT found at /META-INF/package.jdo
18:55:53,114 (main) DEBUG [DataNucleus.MetaData] - MetaData of type "jdo" for class "domainapp.dom.impl.HelloWorldObject_updateName_Test" NOT found at /WEB-INF/package.jdo
18:55:53,114 (main) DEBUG [DataNucleus.MetaData] - MetaData of type "jdo" for class "domainapp.dom.impl.HelloWorldObject_updateName_Test" NOT found at /package.jdo
18:55:53,114 (main) DEBUG [DataNucleus.MetaData] - MetaData of type "jdo" for class "domainapp.dom.impl.HelloWorldObject_updateName_Test" NOT found at /domainapp/package.jdo
18:55:53,114 (main) DEBUG [DataNucleus.MetaData] - MetaData of type "jdo" for class "domainapp.dom.impl.HelloWorldObject_updateName_Test" NOT found at /domainapp.jdo
18:55:53,114 (main) DEBUG [DataNucleus.MetaData] - MetaData of type "jdo" for class "domainapp.dom.impl.HelloWorldObject_updateName_Test" NOT found at /domainapp/dom/package.jdo
18:55:53,114 (main) DEBUG [DataNucleus.MetaData] - MetaData of type "jdo" for class "domainapp.dom.impl.HelloWorldObject_updateName_Test" NOT found at /domainapp/dom.jdo
18:55:53,114 (main) DEBUG [DataNucleus.MetaData] - MetaData of type "jdo" for class "domainapp.dom.impl.HelloWorldObject_updateName_Test" NOT found at /domainapp/dom/impl/package.jdo
18:55:53,114 (main) DEBUG [DataNucleus.MetaData] - MetaData of type "jdo" for class "domainapp.dom.impl.HelloWorldObject_updateName_Test" NOT found at /domainapp/dom/impl.jdo
18:55:53,114 (main) DEBUG [DataNucleus.MetaData] - MetaData of type "jdo" for class "domainapp.dom.impl.HelloWorldObject_updateName_Test" NOT found at /domainapp/dom/impl/HelloWorldObject_updateName_Test.jdo
18:55:53,114 (main) DEBUG [DataNucleus.MetaData] - MetaData of type "jdo" for class "domainapp.dom.impl.HelloWorldObject_updateName_Test" not found
18:55:53,114 (main) DEBUG [DataNucleus.MetaData] - Registering class "domainapp.dom.impl.HelloWorldObject_updateName_Test" as not having MetaData.
18:55:53,114 (main) DEBUG [DataNucleus.MetaData] - Class "domainapp.dom.impl.HelloWorldObject_updateName_Test" has no MetaData or annotations.
18:55:53,114 (main) DEBUG [DataNucleus.MetaData] - MetaData Management : Load of Metadata complete
18:55:53,114 (main) INFO  [DataNucleus.Enhancer] - DataNucleus Enhancer completed with success for 0 classes. Timings : input=32 ms, enhance=0 ms, total=32 ms. Consult the log for full details
18:55:53,114 (main) INFO  [DataNucleus.Enhancer] - DataNucleus Enhancer completed and no classes were enhanced. Consult the log for full details
